<?xml version="1.0" encoding="utf-8"?><testsuites name="pytest tests"><testsuite name="pytest" errors="0" failures="0" skipped="0" tests="10" time="2.554" timestamp="2026-07-12T04:29:03.332739+00:00" hostname="agent-env-743b1e29-9bae-4f3d-8721-abce4517062a"><testcase classname="tests.test_admin_schedule_finance.TestAdminAuthGating" name="test_no_token_returns_401_or_403" time="0.617" /><testcase classname="tests.test_admin_schedule_finance.TestAdminSchedule" name="test_schedule_returns_10_slots" time="0.505" /><testcase classname="tests.test_admin_schedule_finance.TestAdminSchedule" name="test_block_slot_makes_it_blocked" time="0.382" /><testcase classname="tests.test_admin_schedule_finance.TestAdminAuthGating" name="test_customer_token_returns_403" time="0.715" /><testcase classname="tests.test_admin_schedule_finance.TestAdminSchedule" name="test_booking_blocked_slot_returns_409" time="0.046" /><testcase classname="tests.test_admin_schedule_finance.TestAdminSchedule" name="test_unblock_slot_reverses_it" time="0.142" /><testcase classname="tests.test_admin_schedule_finance.TestAdminSchedule" name="test_admin_cancel_booking" time="0.277" /><testcase classname="tests.test_admin_schedule_finance.TestAdminSchedule" name="test_admin_cancel_bad_id" time="0.243" /><testcase classname="tests.test_admin_schedule_finance.TestAdminFinance" name="test_finance_shape" time="0.363" /><testcase classname="tests.test_admin_schedule_finance.TestAdminFinance" name="test_add_expense_updates_totals" time="0.317" /></testsuite></testsuites>