<?xml version="1.0" encoding="utf-8"?><testsuites name="pytest tests"><testsuite name="pytest" errors="0" failures="0" skipped="0" tests="6" time="8.205" timestamp="2026-07-12T23:01:55.230625+00:00" hostname="agent-env-743b1e29-9bae-4f3d-8721-abce4517062a"><testcase classname="tests.test_chat.TestChatGrounding" name="test_empty_messages_returns_400" time="0.231" /><testcase classname="tests.test_chat.TestChatGrounding" name="test_service_query_references_real_service" time="1.777" /><testcase classname="tests.test_chat.TestChatGrounding" name="test_product_query_references_real_product" time="1.677" /><testcase classname="tests.test_chat.TestChatGrounding" name="test_hours_query_responds_sensibly" time="1.062" /><testcase classname="tests.test_chat.TestChatGrounding" name="test_no_hallucinated_links" time="1.548" /><testcase classname="tests.test_chat.TestChatGrounding" name="test_multi_turn_context" time="1.352" /></testsuite></testsuites>