<?xml version="1.0" encoding="utf-8"?><testsuites name="pytest tests"><testsuite name="pytest" errors="0" failures="0" skipped="0" tests="47" time="5.863" timestamp="2026-07-07T06:12:10.467349+00:00" hostname="agent-env-743b1e29-9bae-4f3d-8721-abce4517062a"><testcase classname="tests.backend_test.TestAppointments" name="test_create_appointment" time="1.426" /><testcase classname="tests.backend_test.TestPublic" name="test_root" time="0.229" /><testcase classname="tests.backend_test.TestPublic" name="test_services_seeded_24" time="0.045" /><testcase classname="tests.backend_test.TestPublic" name="test_products_seeded_16" time="0.051" /><testcase classname="tests.backend_test.TestPublic" name="test_products_category_filter" time="0.045" /><testcase classname="tests.backend_test.TestPublic" name="test_product_detail_with_related" time="0.045" /><testcase classname="tests.backend_test.TestPublic" name="test_product_detail_404" time="0.044" /><testcase classname="tests.backend_test.TestPublic" name="test_gallery" time="0.044" /><testcase classname="tests.backend_test.TestPublic" name="test_reviews_public_seeded" time="0.043" /><testcase classname="tests.backend_test.TestPublic" name="test_promotions" time="0.044" /><testcase classname="tests.backend_test.TestPublic" name="test_newsletter_signup" time="0.068" /><testcase classname="tests.backend_test.TestPublic" name="test_contact_submit" time="0.071" /><testcase classname="tests.backend_test.TestPublic" name="test_create_review_pending" time="0.042" /><testcase classname="tests.backend_test.TestCustomerAuth" name="test_register_login_me" time="0.358" /><testcase classname="tests.backend_test.TestCustomerAuth" name="test_login_again" time="0.273" /><testcase classname="tests.backend_test.TestCustomerAuth" name="test_login_bad_password" time="0.264" /><testcase classname="tests.backend_test.TestAppointments" name="test_slot_now_taken" time="0.252" /><testcase classname="tests.backend_test.TestCustomerAuth" name="test_duplicate_register" time="0.084" /><testcase classname="tests.backend_test.TestAppointments" name="test_double_booking_409" time="0.266" /><testcase classname="tests.backend_test.TestCustomerAuth" name="test_my_appointments" time="0.040" /><testcase classname="tests.backend_test.TestCustomerAuth" name="test_my_orders" time="0.047" /><testcase classname="tests.backend_test.TestCustomerAuth" name="test_my_favorites_add_get_remove" time="0.204" /><testcase classname="tests.backend_test.TestAppointments" name="test_invalid_time" time="0.045" /><testcase classname="tests.backend_test.TestAppointments" name="test_invalid_service" time="0.046" /><testcase classname="tests.backend_test.TestAppointments" name="test_get_by_token" time="0.086" /><testcase classname="tests.backend_test.TestCustomerAuth" name="test_me_no_token" time="0.043" /><testcase classname="tests.backend_test.TestAdmin" name="test_admin_login_ok" time="0.267" /><testcase classname="tests.backend_test.TestAppointments" name="test_get_by_token_invalid" time="0.242" /><testcase classname="tests.backend_test.TestAdmin" name="test_admin_endpoints_reject_customer" time="0.250" /><testcase classname="tests.backend_test.TestAppointments" name="test_reschedule" time="0.794" /><testcase classname="tests.backend_test.TestAdmin" name="test_admin_stats" time="0.356" /><testcase classname="tests.backend_test.TestAdmin" name="test_admin_appointments" time="0.082" /><testcase classname="tests.backend_test.TestAdmin" name="test_admin_customers" time="0.079" /><testcase classname="tests.backend_test.TestAdmin" name="test_admin_reviews_and_approve_delete" time="0.878" /><testcase classname="tests.backend_test.TestAppointments" name="test_deposit_creates_stripe_session" time="0.646" /><testcase classname="tests.backend_test.TestAppointments" name="test_cancel" time="0.064" /><testcase classname="tests.backend_test.TestAppointments" name="test_slot_free_after_cancel" time="0.045" /><testcase classname="tests.backend_test.TestCheckout" name="test_create_session_cad" time="0.527" /><testcase classname="tests.backend_test.TestAdmin" name="test_admin_add_and_delete_product" time="0.860" /><testcase classname="tests.backend_test.TestCheckout" name="test_coupon_welcome15" time="0.383" /><testcase classname="tests.backend_test.TestCheckout" name="test_empty_cart" time="0.043" /><testcase classname="tests.backend_test.TestCheckout" name="test_invalid_product" time="0.043" /><testcase classname="tests.backend_test.TestAdmin" name="test_admin_newsletter" time="0.081" /><testcase classname="tests.backend_test.TestCheckout" name="test_status_endpoint" time="0.274" /><testcase classname="tests.backend_test.TestSEO" name="test_robots" time="0.105" /><testcase classname="tests.backend_test.TestSEO" name="test_sitemap" time="0.123" /><testcase classname="tests.backend_test.TestAvailability" name="test_availability_future" time="0.042" /></testsuite></testsuites>